2022-11-07 17:23:30.599 WET [64080] LOG:  starting PostgreSQL 15.0 on aarch64-apple-darwin21.6.0, compiled by Apple clang version 14.0.0 (clang-1400.0.29.102), 64-bit
2022-11-07 17:23:30.601 WET [64080] LOG:  listening on IPv6 address "::1", port 5432
2022-11-07 17:23:30.601 WET [64080] LOG:  listening on IPv4 address "127.0.0.1", port 5432
2022-11-07 17:23:30.601 WET [64080] LOG:  listening on Unix socket "/tmp/.s.PGSQL.5432"
2022-11-07 17:23:30.602 WET [64083] LOG:  database system was shut down at 2022-11-07 17:23:30 WET
2022-11-07 17:23:30.604 WET [64080] LOG:  database system is ready to accept connections
2022-11-07 17:24:17.715 WET [64144] LOG:  could not receive data from client: Connection reset by peer
2022-11-07 17:24:17.731 WET [64146] ERROR:  relation "_prisma_migrations" does not exist at character 126
2022-11-07 17:24:17.731 WET [64146] STATEMENT:  SELECT "id", "checksum", "finished_at", "migration_name", "logs", "rolled_back_at", "started_at", "applied_steps_count" FROM "_prisma_migrations" ORDER BY "started_at" ASC
2022-11-07 17:24:17.935 WET [64081] LOG:  checkpoint starting: immediate force wait
2022-11-07 17:24:17.992 WET [64081] LOG:  checkpoint complete: wrote 936 buffers (5.7%); 1 WAL file(s) added, 0 removed, 0 recycled; write=0.042 s, sync=0.007 s, total=0.058 s; sync files=257, longest=0.001 s, average=0.001 s; distance=8562 kB, estimate=8562 kB
2022-11-07 17:24:18.259 WET [64081] LOG:  checkpoint starting: immediate force wait
2022-11-07 17:24:18.260 WET [64081] LOG:  checkpoint complete: wrote 7 buffers (0.0%); 0 WAL file(s) added, 0 removed, 1 recycled; write=0.001 s, sync=0.001 s, total=0.002 s; sync files=7, longest=0.001 s, average=0.001 s; distance=4407 kB, estimate=8147 kB
2022-11-07 17:24:18.541 WET [64081] LOG:  checkpoint starting: immediate force wait
2022-11-07 17:24:18.548 WET [64081] LOG:  checkpoint complete: wrote 82 buffers (0.5%); 0 WAL file(s) added, 0 removed, 0 recycled; write=0.003 s, sync=0.004 s, total=0.007 s; sync files=52, longest=0.001 s, average=0.001 s; distance=4774 kB, estimate=7809 kB
2022-11-07 17:24:18.763 WET [64081] LOG:  checkpoint starting: immediate force wait
2022-11-07 17:24:18.764 WET [64081] LOG:  checkpoint complete: wrote 7 buffers (0.0%); 0 WAL file(s) added, 0 removed, 0 recycled; write=0.001 s, sync=0.001 s, total=0.002 s; sync files=7, longest=0.001 s, average=0.001 s; distance=4410 kB, estimate=7470 kB
2022-11-07 17:25:50.220 WET [64275] ERROR:  date/time field value out of range: "2022-09-31 00:00:25.769"
2022-11-07 17:25:50.220 WET [64275] CONTEXT:  COPY Transaction, line 48200, column date: "2022-09-31 00:00:25.769"
2022-11-07 17:25:50.220 WET [64275] STATEMENT:  COPY "Transaction" FROM 'data/transactions.csv' DELIMITER ',' CSV HEADER
2022-11-07 17:29:18.738 WET [64081] LOG:  checkpoint starting: time
2022-11-07 17:30:14.729 WET [64081] LOG:  checkpoint complete: wrote 553 buffers (3.4%); 0 WAL file(s) added, 0 removed, 1 recycled; write=55.974 s, sync=0.003 s, total=55.991 s; sync files=35, longest=0.002 s, average=0.001 s; distance=14675 kB, estimate=14675 kB
2022-11-08 11:05:34.972 WET [1042] LOG:  starting PostgreSQL 15.0 on aarch64-apple-darwin21.6.0, compiled by Apple clang version 14.0.0 (clang-1400.0.29.102), 64-bit
2022-11-08 11:05:34.975 WET [1042] LOG:  listening on IPv6 address "::1", port 5432
2022-11-08 11:05:34.975 WET [1042] LOG:  listening on IPv4 address "127.0.0.1", port 5432
2022-11-08 11:05:34.975 WET [1042] LOG:  listening on Unix socket "/tmp/.s.PGSQL.5432"
2022-11-08 11:05:34.980 WET [1045] LOG:  database system was interrupted; last known up at 2022-11-07 17:30:14 WET
2022-11-08 11:05:35.033 WET [1045] LOG:  database system was not properly shut down; automatic recovery in progress
2022-11-08 11:05:35.036 WET [1045] LOG:  redo starts at 0/3B56F50
2022-11-08 11:05:35.036 WET [1045] LOG:  invalid record length at 0/3B57038: wanted 24, got 0
2022-11-08 11:05:35.036 WET [1045] LOG:  redo done at 0/3B57000 system usage: CPU: user: 0.00 s, system: 0.00 s, elapsed: 0.00 s
2022-11-08 11:05:35.038 WET [1043] LOG:  checkpoint starting: end-of-recovery immediate wait
2022-11-08 11:05:35.039 WET [1043] LOG:  checkpoint complete: wrote 3 buffers (0.0%); 0 WAL file(s) added, 0 removed, 0 recycled; write=0.001 s, sync=0.001 s, total=0.002 s; sync files=2, longest=0.001 s, average=0.001 s; distance=0 kB, estimate=0 kB
2022-11-08 11:05:35.040 WET [1042] LOG:  database system is ready to accept connections
2022-11-08 12:45:43.294 WET [4014] ERROR:  date/time field value out of range: "2022-09-31 00:00:25.769"
2022-11-08 12:45:43.294 WET [4014] CONTEXT:  COPY Transaction, line 48200, column date: "2022-09-31 00:00:25.769"
2022-11-08 12:45:43.294 WET [4014] STATEMENT:  COPY "Transaction" FROM 'data/transactions.csv' DELIMITER ',' CSV HEADER
2022-11-08 12:46:20.894 WET [1043] LOG:  checkpoint starting: time
2022-11-08 12:47:09.753 WET [1043] LOG:  checkpoint complete: wrote 284 buffers (1.7%); 0 WAL file(s) added, 0 removed, 1 recycled; write=48.849 s, sync=0.001 s, total=48.860 s; sync files=11, longest=0.001 s, average=0.001 s; distance=14221 kB, estimate=14221 kB
2022-11-08 13:05:10.485 WET [4597] ERROR:  could not open file "data/transactions_cleaned.csv" for reading: No such file or directory
2022-11-08 13:05:10.485 WET [4597] HINT:  COPY FROM instructs the PostgreSQL server process to read a file. You may want a client-side facility such as psql's \copy.
2022-11-08 13:05:10.485 WET [4597] STATEMENT:  COPY "Transaction" FROM 'data/transactions_cleaned.csv' DELIMITER ',' CSV HEADER
2022-11-08 13:06:20.811 WET [1043] LOG:  checkpoint starting: time
2022-11-08 13:06:21.641 WET [1043] LOG:  checkpoint complete: wrote 9 buffers (0.1%); 0 WAL file(s) added, 0 removed, 0 recycled; write=0.816 s, sync=0.003 s, total=0.830 s; sync files=12, longest=0.001 s, average=0.001 s; distance=65 kB, estimate=12806 kB
2022-11-08 13:07:13.734 WET [4669] ERROR:  extra data after last expected column
2022-11-08 13:07:13.734 WET [4669] CONTEXT:  COPY Transaction, line 2: "0,4f87e7c0-2831-4a38-9b94-dc94f2e8554d,a3bbb581-7e91-488e-a416-8ac8f5f6f5be,0ca2a326-085d-45c8-8a15-..."
2022-11-08 13:07:13.734 WET [4669] STATEMENT:  COPY "Transaction" FROM 'data/transactions_cleaned.csv' DELIMITER ',' CSV HEADER
2022-11-08 13:11:20.641 WET [1043] LOG:  checkpoint starting: time
2022-11-08 13:11:21.771 WET [1043] LOG:  checkpoint complete: wrote 12 buffers (0.1%); 0 WAL file(s) added, 0 removed, 0 recycled; write=1.120 s, sync=0.003 s, total=1.131 s; sync files=10, longest=0.002 s, average=0.001 s; distance=33 kB, estimate=11528 kB
2022-11-08 13:15:45.377 WET [4905] ERROR:  date/time field value out of range: "2022-09-31 00:00:25.769"
2022-11-08 13:15:45.377 WET [4905] CONTEXT:  COPY Transaction, line 48200, column date: "2022-09-31 00:00:25.769"
2022-11-08 13:15:45.377 WET [4905] STATEMENT:  COPY "Transaction" FROM 'data/transactions_cleaned.csv' DELIMITER ',' CSV HEADER
2022-11-08 13:16:20.772 WET [1043] LOG:  checkpoint starting: time
2022-11-08 13:17:09.669 WET [1043] LOG:  checkpoint complete: wrote 483 buffers (2.9%); 0 WAL file(s) added, 0 removed, 1 recycled; write=48.879 s, sync=0.002 s, total=48.897 s; sync files=14, longest=0.001 s, average=0.001 s; distance=14256 kB, estimate=14256 kB
2022-11-08 13:24:04.738 WET [1043] LOG:  checkpoint starting: time
2022-11-08 13:28:34.104 WET [1043] LOG:  checkpoint complete: wrote 5396 buffers (32.9%); 0 WAL file(s) added, 0 removed, 6 recycled; write=269.348 s, sync=0.002 s, total=269.367 s; sync files=20, longest=0.001 s, average=0.001 s; distance=99170 kB, estimate=99170 kB
2022-11-08 14:31:37.939 WET [6501] ERROR:  duplicate key value violates unique constraint "User_email_key"
2022-11-08 14:31:37.939 WET [6501] DETAIL:  Key (email)=(test@test.de) already exists.
2022-11-08 14:31:37.939 WET [6501] STATEMENT:  INSERT INTO "public"."User" ("email","name") VALUES ($1,$2) RETURNING "public"."User"."id"
2022-11-08 14:31:49.599 WET [1043] LOG:  checkpoint starting: time
2022-11-08 14:31:50.320 WET [1043] LOG:  checkpoint complete: wrote 8 buffers (0.0%); 0 WAL file(s) added, 0 removed, 0 recycled; write=0.713 s, sync=0.002 s, total=0.721 s; sync files=6, longest=0.001 s, average=0.001 s; distance=4 kB, estimate=89254 kB
2022-11-08 14:36:49.323 WET [1043] LOG:  checkpoint starting: time
2022-11-08 14:36:49.739 WET [1043] LOG:  checkpoint complete: wrote 5 buffers (0.0%); 0 WAL file(s) added, 0 removed, 0 recycled; write=0.410 s, sync=0.002 s, total=0.417 s; sync files=5, longest=0.001 s, average=0.001 s; distance=0 kB, estimate=80328 kB
2022-11-08 15:58:41.449 WET [1043] LOG:  checkpoint starting: time
2022-11-08 15:58:41.768 WET [1043] LOG:  checkpoint complete: wrote 3 buffers (0.0%); 0 WAL file(s) added, 0 removed, 0 recycled; write=0.314 s, sync=0.001 s, total=0.320 s; sync files=2, longest=0.001 s, average=0.001 s; distance=12 kB, estimate=72297 kB
2022-11-08 16:48:41.819 WET [1043] LOG:  checkpoint starting: time
2022-11-08 16:48:41.931 WET [1043] LOG:  checkpoint complete: wrote 1 buffers (0.0%); 0 WAL file(s) added, 0 removed, 0 recycled; write=0.103 s, sync=0.001 s, total=0.112 s; sync files=1, longest=0.001 s, average=0.001 s; distance=0 kB, estimate=65067 kB
2022-11-08 18:34:25.041 WET [11565] LOG:  could not receive data from client: Connection reset by peer
2022-11-08 18:34:58.908 WET [1043] LOG:  checkpoint starting: time
2022-11-08 18:34:59.329 WET [1043] LOG:  checkpoint complete: wrote 5 buffers (0.0%); 0 WAL file(s) added, 0 removed, 0 recycled; write=0.412 s, sync=0.002 s, total=0.422 s; sync files=5, longest=0.002 s, average=0.001 s; distance=21 kB, estimate=58562 kB
2022-11-08 18:35:07.430 WET [3919] ERROR:  syntax error at or near ":" at character 20
2022-11-08 18:35:07.430 WET [3919] STATEMENT:  Truncate "Category":
	;
2022-11-08 18:37:35.270 WET [3919] ERROR:  syntax error at or near "clear" at character 1
2022-11-08 18:37:35.270 WET [3919] STATEMENT:  clear
	;
2022-11-08 18:39:58.293 WET [1043] LOG:  checkpoint starting: time
2022-11-08 18:44:28.101 WET [1043] LOG:  checkpoint complete: wrote 5393 buffers (32.9%); 0 WAL file(s) added, 0 removed, 6 recycled; write=269.785 s, sync=0.002 s, total=269.809 s; sync files=19, longest=0.002 s, average=0.001 s; distance=104278 kB, estimate=104278 kB
2022-11-08 18:49:58.025 WET [1043] LOG:  checkpoint starting: time
2022-11-08 18:51:55.503 WET [1042] LOG:  received fast shutdown request
2022-11-08 18:51:55.520 WET [1042] LOG:  aborting any active transactions
2022-11-08 18:51:55.521 WET [3919] FATAL:  terminating connection due to administrator command
2022-11-08 18:51:55.531 WET [1042] LOG:  background worker "logical replication launcher" (PID 1048) exited with exit code 1
2022-11-08 18:51:55.678 WET [1043] LOG:  checkpoint complete: wrote 5392 buffers (32.9%); 0 WAL file(s) added, 0 removed, 7 recycled; write=117.643 s, sync=0.001 s, total=117.653 s; sync files=18, longest=0.001 s, average=0.001 s; distance=104233 kB, estimate=104273 kB
2022-11-08 18:51:55.678 WET [1043] LOG:  shutting down
2022-11-08 18:51:55.678 WET [1043] LOG:  checkpoint starting: shutdown immediate
2022-11-08 18:51:55.679 WET [1043] LOG:  checkpoint complete: wrote 0 buffers (0.0%); 0 WAL file(s) added, 0 removed, 0 recycled; write=0.001 s, sync=0.000 s, total=0.002 s; sync files=0, longest=0.000 s, average=0.000 s; distance=0 kB, estimate=93846 kB
2022-11-08 18:51:55.686 WET [1042] LOG:  database system is shut down
2022-11-08 18:51:59.362 WET [12102] FATAL:  data directory "/Users/marcserafin/Documents/Bewerbungsunterlagen/Job job 2022/airbank/server" has invalid permissions
2022-11-08 18:51:59.362 WET [12102] DETAIL:  Permissions should be u=rwx (0700) or u=rwx,g=rx (0750).
2022-11-08 18:52:04.848 WET [12106] FATAL:  data directory "/Users/marcserafin/Documents/Bewerbungsunterlagen/Job job 2022/airbank/server" has invalid permissions
2022-11-08 18:52:04.848 WET [12106] DETAIL:  Permissions should be u=rwx (0700) or u=rwx,g=rx (0750).
2022-11-08 18:54:19.444 WET [12162] FATAL:  data directory "/Users/marcserafin/Documents/Bewerbungsunterlagen/Job job 2022/airbank/server" has invalid permissions
2022-11-08 18:54:19.444 WET [12162] DETAIL:  Permissions should be u=rwx (0700) or u=rwx,g=rx (0750).
2022-11-08 18:54:33.275 WET [12168] FATAL:  data directory "/Users/marcserafin/Documents/Bewerbungsunterlagen/Job job 2022/airbank/server" has invalid permissions
2022-11-08 18:54:33.275 WET [12168] DETAIL:  Permissions should be u=rwx (0700) or u=rwx,g=rx (0750).
2022-11-08 18:55:11.417 WET [12187] FATAL:  data directory "/Users/marcserafin/Documents/Bewerbungsunterlagen/Job job 2022/airbank/server" has invalid permissions
2022-11-08 18:55:11.417 WET [12187] DETAIL:  Permissions should be u=rwx (0700) or u=rwx,g=rx (0750).
2022-11-08 18:55:28.997 WET [12202] FATAL:  data directory "/Users/marcserafin/Documents/Bewerbungsunterlagen/Job job 2022/airbank/server" has invalid permissions
2022-11-08 18:55:28.997 WET [12202] DETAIL:  Permissions should be u=rwx (0700) or u=rwx,g=rx (0750).
2022-11-08 18:57:21.137 WET [12251] FATAL:  data directory "/Users/marcserafin/Documents/Bewerbungsunterlagen/Job job 2022/airbank/server" has invalid permissions
2022-11-08 18:57:21.137 WET [12251] DETAIL:  Permissions should be u=rwx (0700) or u=rwx,g=rx (0750).
2022-11-08 18:58:55.362 WET [12277] FATAL:  data directory "/Users/marcserafin/Documents/Bewerbungsunterlagen/Job job 2022/airbank/server" has invalid permissions
2022-11-08 18:58:55.362 WET [12277] DETAIL:  Permissions should be u=rwx (0700) or u=rwx,g=rx (0750).
2022-11-08 18:59:54.432 WET [12304] FATAL:  data directory "/Users/marcserafin/Documents/Bewerbungsunterlagen/Job job 2022/airbank/server" has invalid permissions
2022-11-08 18:59:54.432 WET [12304] DETAIL:  Permissions should be u=rwx (0700) or u=rwx,g=rx (0750).
2022-11-09 10:28:30.046 WET [14440] FATAL:  data directory "/Users/marcserafin/Documents/Bewerbungsunterlagen/Job job 2022/airbank/server" has invalid permissions
2022-11-09 10:28:30.046 WET [14440] DETAIL:  Permissions should be u=rwx (0700) or u=rwx,g=rx (0750).
2022-11-09 10:28:34.627 WET [14449] FATAL:  data directory "/Users/marcserafin/Documents/Bewerbungsunterlagen/Job job 2022/airbank/server" has invalid permissions
2022-11-09 10:28:34.627 WET [14449] DETAIL:  Permissions should be u=rwx (0700) or u=rwx,g=rx (0750).
2022-11-09 10:30:00.911 WET [14499] LOG:  starting PostgreSQL 15.0 on aarch64-apple-darwin21.6.0, compiled by Apple clang version 14.0.0 (clang-1400.0.29.102), 64-bit
2022-11-09 10:30:00.916 WET [14499] LOG:  listening on IPv6 address "::1", port 5432
2022-11-09 10:30:00.916 WET [14499] LOG:  listening on IPv4 address "127.0.0.1", port 5432
2022-11-09 10:30:00.917 WET [14499] LOG:  listening on Unix socket "/tmp/.s.PGSQL.5432"
2022-11-09 10:30:00.922 WET [14502] LOG:  database system was shut down at 2022-11-08 18:51:55 WET
2022-11-09 10:30:00.925 WET [14499] LOG:  database system is ready to accept connections
2022-11-09 10:35:00.904 WET [14500] LOG:  checkpoint starting: time
2022-11-09 10:35:00.915 WET [14500] LOG:  checkpoint complete: wrote 3 buffers (0.0%); 0 WAL file(s) added, 0 removed, 0 recycled; write=0.003 s, sync=0.001 s, total=0.012 s; sync files=2, longest=0.001 s, average=0.001 s; distance=0 kB, estimate=0 kB
2022-11-09 10:38:41.605 WET [14814] ERROR:  duplicate key value violates unique constraint "User_email_key"
2022-11-09 10:38:41.605 WET [14814] DETAIL:  Key (email)=(test2@test.de) already exists.
2022-11-09 10:38:41.605 WET [14814] STATEMENT:  INSERT INTO "public"."User" ("email","name") VALUES ($1,$2) RETURNING "public"."User"."id"
2022-11-09 10:39:39.646 WET [14850] LOG:  could not receive data from client: Connection reset by peer
2022-11-09 10:40:00.915 WET [14500] LOG:  checkpoint starting: time
2022-11-09 10:40:04.814 WET [14500] LOG:  checkpoint complete: wrote 39 buffers (0.2%); 0 WAL file(s) added, 0 removed, 0 recycled; write=3.890 s, sync=0.002 s, total=3.899 s; sync files=26, longest=0.001 s, average=0.001 s; distance=223 kB, estimate=223 kB
2022-11-09 10:45:00.816 WET [14500] LOG:  checkpoint starting: time
2022-11-09 10:45:02.053 WET [14500] LOG:  checkpoint complete: wrote 13 buffers (0.1%); 0 WAL file(s) added, 0 removed, 0 recycled; write=1.230 s, sync=0.002 s, total=1.238 s; sync files=7, longest=0.001 s, average=0.001 s; distance=86 kB, estimate=209 kB
2022-11-09 10:50:00.312 WET [14500] LOG:  checkpoint starting: time
2022-11-09 10:50:02.585 WET [14715] ERROR:  syntax error at or near "#" at character 1
2022-11-09 10:50:02.585 WET [14715] STATEMENT:  #select * from "Transaction" Limit 4;
2022-11-09 10:54:30.048 WET [14500] LOG:  checkpoint complete: wrote 5388 buffers (32.9%); 0 WAL file(s) added, 0 removed, 6 recycled; write=269.714 s, sync=0.001 s, total=269.737 s; sync files=17, longest=0.001 s, average=0.001 s; distance=104205 kB, estimate=104205 kB
2022-11-09 16:23:16.448 WET [14500] LOG:  checkpoint starting: time
2022-11-09 16:23:16.562 WET [14500] LOG:  checkpoint complete: wrote 1 buffers (0.0%); 0 WAL file(s) added, 0 removed, 0 recycled; write=0.105 s, sync=0.001 s, total=0.117 s; sync files=1, longest=0.001 s, average=0.001 s; distance=3 kB, estimate=93784 kB
2022-11-10 14:39:35.629 WET [40965] LOG:  could not receive data from client: Connection reset by peer
2022-11-10 14:40:24.034 WET [14500] LOG:  checkpoint starting: time
2022-11-10 14:40:25.907 WET [14500] LOG:  checkpoint complete: wrote 19 buffers (0.1%); 0 WAL file(s) added, 0 removed, 0 recycled; write=1.862 s, sync=0.003 s, total=1.874 s; sync files=13, longest=0.001 s, average=0.001 s; distance=103 kB, estimate=84416 kB
2022-11-10 14:45:24.516 WET [14500] LOG:  checkpoint starting: time
2022-11-10 14:49:54.053 WET [14500] LOG:  checkpoint complete: wrote 7943 buffers (48.5%); 0 WAL file(s) added, 0 removed, 6 recycled; write=269.508 s, sync=0.003 s, total=269.537 s; sync files=25, longest=0.002 s, average=0.001 s; distance=90399 kB, estimate=90399 kB
2022-11-10 14:57:23.061 WET [41480] LOG:  could not receive data from client: Connection reset by peer
2022-11-10 14:57:52.590 WET [41511] LOG:  could not receive data from client: Connection reset by peer
2022-11-10 14:58:56.872 WET [41561] LOG:  could not receive data from client: Connection reset by peer
2022-11-10 14:59:24.402 WET [41597] LOG:  could not receive data from client: Connection reset by peer
2022-11-10 15:00:24.051 WET [14500] LOG:  checkpoint starting: time
2022-11-10 15:00:24.676 WET [14500] LOG:  checkpoint complete: wrote 7 buffers (0.0%); 0 WAL file(s) added, 0 removed, 0 recycled; write=0.612 s, sync=0.001 s, total=0.625 s; sync files=7, longest=0.001 s, average=0.001 s; distance=25 kB, estimate=81362 kB
2022-11-10 15:00:35.106 WET [41674] LOG:  could not receive data from client: Connection reset by peer
2022-11-10 15:05:24.974 WET [14500] LOG:  checkpoint starting: time
2022-11-10 15:09:54.116 WET [14500] LOG:  checkpoint complete: wrote 8217 buffers (50.2%); 0 WAL file(s) added, 0 removed, 9 recycled; write=269.117 s, sync=0.003 s, total=269.143 s; sync files=23, longest=0.002 s, average=0.001 s; distance=155665 kB, estimate=155665 kB
2022-11-12 08:33:36.115 WET [14500] LOG:  checkpoint starting: time
2022-11-12 08:33:36.232 WET [14500] LOG:  checkpoint complete: wrote 1 buffers (0.0%); 0 WAL file(s) added, 0 removed, 0 recycled; write=0.105 s, sync=0.001 s, total=0.119 s; sync files=1, longest=0.001 s, average=0.001 s; distance=2 kB, estimate=140099 kB
2022-11-12 10:04:14.084 WET [14500] LOG:  checkpoint starting: time
2022-11-12 10:05:33.493 WET [14715] ERROR:  syntax error at or near "npx" at character 1
2022-11-12 10:05:33.493 WET [14715] STATEMENT:  npx prisma db push
	Select * from "Category" Limit 20;
2022-11-12 10:08:44.023 WET [14500] LOG:  checkpoint complete: wrote 5399 buffers (33.0%); 0 WAL file(s) added, 0 removed, 6 recycled; write=269.906 s, sync=0.001 s, total=269.940 s; sync files=21, longest=0.001 s, average=0.001 s; distance=103637 kB, estimate=136453 kB
2022-11-12 10:11:46.141 WET [54104] ERROR:  duplicate key value violates unique constraint "Transaction_id_key"
2022-11-12 10:11:46.141 WET [54104] DETAIL:  Key (id)=(4f87e7c0-2831-4a38-9b94-dc94f2e8554d) already exists.
2022-11-12 10:11:46.141 WET [54104] CONTEXT:  COPY Transaction, line 2
2022-11-12 10:11:46.141 WET [54104] STATEMENT:  COPY "Transaction" FROM 'data/transactions_cleaned.csv' DELIMITER ',' CSV HEADER
2022-11-12 10:14:14.238 WET [14500] LOG:  checkpoint starting: time
2022-11-12 10:18:44.052 WET [14500] LOG:  checkpoint complete: wrote 5408 buffers (33.0%); 0 WAL file(s) added, 0 removed, 13 recycled; write=269.781 s, sync=0.007 s, total=269.815 s; sync files=34, longest=0.004 s, average=0.001 s; distance=207347 kB, estimate=207347 kB
2022-11-12 12:07:16.160 WET [14715] ERROR:  table "post" does not exist
2022-11-12 12:07:16.160 WET [14715] STATEMENT:  Drop Table Post;
2022-11-12 12:07:25.001 WET [14715] ERROR:  cannot drop table "User" because other objects depend on it
2022-11-12 12:07:25.001 WET [14715] DETAIL:  constraint Profile_userId_fkey on table "Profile" depends on table "User"
2022-11-12 12:07:25.001 WET [14715] HINT:  Use DROP ... CASCADE to drop the dependent objects too.
2022-11-12 12:07:25.001 WET [14715] STATEMENT:  Drop Table "User";
2022-11-12 12:08:54.702 WET [56375] ERROR:  invalid input syntax for type timestamp: "Business SuperBank"
2022-11-12 12:08:54.702 WET [56375] CONTEXT:  COPY Transaction, line 2, column date: "Business SuperBank"
2022-11-12 12:08:54.702 WET [56375] STATEMENT:  COPY "Transaction" FROM 'data/transactions_cleaned.csv' DELIMITER ',' CSV HEADER
2022-11-12 12:09:45.655 WET [56407] LOG:  could not receive data from client: Connection reset by peer
2022-11-12 12:09:49.216 WET [56431] ERROR:  invalid input syntax for type timestamp: "Business SuperBank"
2022-11-12 12:09:49.216 WET [56431] CONTEXT:  COPY Transaction, line 2, column date: "Business SuperBank"
2022-11-12 12:09:49.216 WET [56431] STATEMENT:  COPY "Transaction" FROM 'data/transactions_cleaned.csv' DELIMITER ',' CSV HEADER
2022-11-12 12:10:42.877 WET [56470] ERROR:  duplicate key value violates unique constraint "Account_id_key"
2022-11-12 12:10:42.877 WET [56470] DETAIL:  Key (id)=(c5f3f93c-bf33-402e-a9f1-c15c148d451b) already exists.
2022-11-12 12:10:42.877 WET [56470] CONTEXT:  COPY Account, line 2
2022-11-12 12:10:42.877 WET [56470] STATEMENT:  COPY "Account" FROM 'data/accounts.csv' DELIMITER ',' CSV HEADER
2022-11-12 12:10:58.011 WET [56505] ERROR:  invalid input syntax for type timestamp: "Business SuperBank"
2022-11-12 12:10:58.011 WET [56505] CONTEXT:  COPY Transaction, line 2, column date: "Business SuperBank"
2022-11-12 12:10:58.011 WET [56505] STATEMENT:  COPY "Transaction" FROM 'data/transactions_cleaned.csv' DELIMITER ',' CSV HEADER
2022-11-12 12:11:44.295 WET [14500] LOG:  checkpoint starting: time
2022-11-12 12:11:49.032 WET [14500] LOG:  checkpoint complete: wrote 47 buffers (0.3%); 0 WAL file(s) added, 0 removed, 0 recycled; write=4.709 s, sync=0.005 s, total=4.738 s; sync files=39, longest=0.001 s, average=0.001 s; distance=335 kB, estimate=186646 kB
2022-11-12 12:16:38.778 WET [14715] ERROR:  syntax error at or near "pg_typeof" at character 1
2022-11-12 12:16:38.778 WET [14715] STATEMENT:  pg_typeof(bank)
	;
2022-11-12 12:16:44.035 WET [14500] LOG:  checkpoint starting: time
2022-11-12 12:16:44.353 WET [14500] LOG:  checkpoint complete: wrote 3 buffers (0.0%); 0 WAL file(s) added, 0 removed, 0 recycled; write=0.306 s, sync=0.002 s, total=0.318 s; sync files=2, longest=0.002 s, average=0.001 s; distance=21 kB, estimate=167983 kB
2022-11-12 12:18:59.344 WET [56767] LOG:  could not receive data from client: Connection reset by peer
2022-11-12 12:19:03.897 WET [56793] ERROR:  invalid input syntax for type timestamp: "Business SuperBank"
2022-11-12 12:19:03.897 WET [56793] CONTEXT:  COPY Transaction, line 2, column date: "Business SuperBank"
2022-11-12 12:19:03.897 WET [56793] STATEMENT:  COPY "Transaction" FROM 'data/transactions_cleaned.csv' DELIMITER ',' CSV HEADER
2022-11-12 12:21:44.352 WET [14500] LOG:  checkpoint starting: time
2022-11-12 12:21:45.181 WET [14500] LOG:  checkpoint complete: wrote 9 buffers (0.1%); 0 WAL file(s) added, 0 removed, 0 recycled; write=0.817 s, sync=0.002 s, total=0.830 s; sync files=7, longest=0.001 s, average=0.001 s; distance=54 kB, estimate=151190 kB
2022-11-12 12:23:11.327 WET [56912] LOG:  could not receive data from client: Connection reset by peer
2022-11-12 12:26:44.738 WET [14500] LOG:  checkpoint starting: time
2022-11-12 12:31:14.094 WET [14500] LOG:  checkpoint complete: wrote 5395 buffers (32.9%); 0 WAL file(s) added, 0 removed, 6 recycled; write=269.340 s, sync=0.003 s, total=269.357 s; sync files=20, longest=0.001 s, average=0.001 s; distance=92989 kB, estimate=145370 kB
2022-11-12 12:56:44.095 WET [14500] LOG:  checkpoint starting: time
2022-11-12 12:56:45.025 WET [14500] LOG:  checkpoint complete: wrote 10 buffers (0.1%); 0 WAL file(s) added, 0 removed, 0 recycled; write=0.921 s, sync=0.002 s, total=0.931 s; sync files=6, longest=0.002 s, average=0.001 s; distance=51 kB, estimate=130838 kB
2022-11-12 13:01:44.785 WET [14500] LOG:  checkpoint starting: time
2022-11-12 13:06:14.047 WET [14500] LOG:  checkpoint complete: wrote 5430 buffers (33.1%); 0 WAL file(s) added, 0 removed, 6 recycled; write=269.236 s, sync=0.003 s, total=269.263 s; sync files=19, longest=0.002 s, average=0.001 s; distance=93009 kB, estimate=127055 kB
2022-11-14 00:16:02.161 WET [14500] LOG:  checkpoint starting: time
2022-11-14 00:16:02.594 WET [14500] LOG:  checkpoint complete: wrote 5 buffers (0.0%); 0 WAL file(s) added, 0 removed, 0 recycled; write=0.419 s, sync=0.001 s, total=0.434 s; sync files=4, longest=0.001 s, average=0.001 s; distance=14 kB, estimate=114351 kB
2022-11-14 00:26:02.663 WET [14500] LOG:  checkpoint starting: time
2022-11-14 00:26:03.084 WET [14500] LOG:  checkpoint complete: wrote 5 buffers (0.0%); 0 WAL file(s) added, 0 removed, 0 recycled; write=0.413 s, sync=0.002 s, total=0.422 s; sync files=5, longest=0.002 s, average=0.001 s; distance=21 kB, estimate=102918 kB
2022-11-14 00:31:02.086 WET [14500] LOG:  checkpoint starting: time
2022-11-14 00:31:02.296 WET [14500] LOG:  checkpoint complete: wrote 3 buffers (0.0%); 0 WAL file(s) added, 0 removed, 0 recycled; write=0.206 s, sync=0.001 s, total=0.211 s; sync files=3, longest=0.001 s, average=0.001 s; distance=6 kB, estimate=92627 kB
2022-11-14 00:36:02.333 WET [14500] LOG:  checkpoint starting: time
2022-11-14 00:36:02.648 WET [14500] LOG:  checkpoint complete: wrote 4 buffers (0.0%); 0 WAL file(s) added, 0 removed, 0 recycled; write=0.309 s, sync=0.002 s, total=0.316 s; sync files=3, longest=0.001 s, average=0.001 s; distance=14 kB, estimate=83366 kB
2022-11-14 00:41:02.652 WET [14500] LOG:  checkpoint starting: time
2022-11-14 00:41:02.769 WET [14500] LOG:  checkpoint complete: wrote 2 buffers (0.0%); 0 WAL file(s) added, 0 removed, 0 recycled; write=0.104 s, sync=0.001 s, total=0.118 s; sync files=2, longest=0.001 s, average=0.001 s; distance=1 kB, estimate=75029 kB
2022-11-14 08:20:10.836 WET [77752] LOG:  could not receive data from client: Connection reset by peer
2022-11-14 08:20:46.068 WET [77787] ERROR:  duplicate key value violates unique constraint "Account_id_key"
2022-11-14 08:20:46.068 WET [77787] DETAIL:  Key (id)=(c5f3f93c-bf33-402e-a9f1-c15c148d451b) already exists.
2022-11-14 08:20:46.068 WET [77787] CONTEXT:  COPY Account, line 2
2022-11-14 08:20:46.068 WET [77787] STATEMENT:  COPY "Account" FROM 'data/accounts.csv' DELIMITER ',' CSV HEADER
2022-11-14 08:24:46.116 WET [14500] LOG:  checkpoint starting: time
2022-11-14 08:29:16.097 WET [14500] LOG:  checkpoint complete: wrote 5393 buffers (32.9%); 0 WAL file(s) added, 0 removed, 7 recycled; write=269.952 s, sync=0.003 s, total=269.981 s; sync files=18, longest=0.002 s, average=0.001 s; distance=118328 kB, estimate=118328 kB
2022-11-14 08:34:46.073 WET [14500] LOG:  checkpoint starting: time
2022-11-14 08:34:46.506 WET [14500] LOG:  checkpoint complete: wrote 5 buffers (0.0%); 0 WAL file(s) added, 0 removed, 0 recycled; write=0.419 s, sync=0.001 s, total=0.433 s; sync files=4, longest=0.001 s, average=0.001 s; distance=21 kB, estimate=106497 kB
2022-11-14 08:39:46.504 WET [14500] LOG:  checkpoint starting: time
2022-11-14 08:39:46.918 WET [14500] LOG:  checkpoint complete: wrote 5 buffers (0.0%); 0 WAL file(s) added, 0 removed, 0 recycled; write=0.408 s, sync=0.001 s, total=0.415 s; sync files=4, longest=0.001 s, average=0.001 s; distance=23 kB, estimate=95849 kB
2022-11-14 09:14:46.903 WET [14500] LOG:  checkpoint starting: time
2022-11-14 09:14:47.130 WET [14500] LOG:  checkpoint complete: wrote 3 buffers (0.0%); 0 WAL file(s) added, 0 removed, 0 recycled; write=0.212 s, sync=0.001 s, total=0.227 s; sync files=3, longest=0.001 s, average=0.001 s; distance=7 kB, estimate=86265 kB
2022-11-14 09:19:46.119 WET [14500] LOG:  checkpoint starting: time
2022-11-14 09:19:46.362 WET [14500] LOG:  checkpoint complete: wrote 3 buffers (0.0%); 0 WAL file(s) added, 0 removed, 0 recycled; write=0.205 s, sync=0.035 s, total=0.244 s; sync files=3, longest=0.034 s, average=0.012 s; distance=7 kB, estimate=77639 kB
2022-11-14 09:34:46.357 WET [14500] LOG:  checkpoint starting: time
2022-11-14 09:34:46.568 WET [14500] LOG:  checkpoint complete: wrote 3 buffers (0.0%); 0 WAL file(s) added, 0 removed, 0 recycled; write=0.206 s, sync=0.001 s, total=0.212 s; sync files=3, longest=0.001 s, average=0.001 s; distance=7 kB, estimate=69876 kB
2022-11-14 10:14:46.609 WET [14500] LOG:  checkpoint starting: time
2022-11-14 10:14:47.486 WET [14500] LOG:  checkpoint complete: wrote 9 buffers (0.1%); 0 WAL file(s) added, 0 removed, 0 recycled; write=0.827 s, sync=0.002 s, total=0.880 s; sync files=7, longest=0.001 s, average=0.001 s; distance=44 kB, estimate=62893 kB
2022-11-14 10:19:46.243 WET [14500] LOG:  checkpoint starting: time
2022-11-14 10:19:46.774 WET [14500] LOG:  checkpoint complete: wrote 6 buffers (0.0%); 0 WAL file(s) added, 0 removed, 0 recycled; write=0.524 s, sync=0.001 s, total=0.531 s; sync files=4, longest=0.001 s, average=0.001 s; distance=28 kB, estimate=56606 kB
2022-11-14 10:24:46.765 WET [14500] LOG:  checkpoint starting: time
2022-11-14 10:24:46.975 WET [14500] LOG:  checkpoint complete: wrote 3 buffers (0.0%); 0 WAL file(s) added, 0 removed, 0 recycled; write=0.204 s, sync=0.001 s, total=0.211 s; sync files=3, longest=0.001 s, average=0.001 s; distance=10 kB, estimate=50947 kB
2022-11-14 10:34:46.957 WET [14500] LOG:  checkpoint starting: time
2022-11-14 10:34:47.073 WET [14500] LOG:  checkpoint complete: wrote 1 buffers (0.0%); 0 WAL file(s) added, 0 removed, 0 recycled; write=0.108 s, sync=0.001 s, total=0.116 s; sync files=1, longest=0.001 s, average=0.001 s; distance=6 kB, estimate=45853 kB
2022-11-14 10:44:46.332 WET [14500] LOG:  checkpoint starting: time
2022-11-14 10:44:46.552 WET [14500] LOG:  checkpoint complete: wrote 3 buffers (0.0%); 0 WAL file(s) added, 0 removed, 0 recycled; write=0.208 s, sync=0.001 s, total=0.220 s; sync files=3, longest=0.001 s, average=0.001 s; distance=10 kB, estimate=41268 kB
2022-11-14 10:49:46.551 WET [14500] LOG:  checkpoint starting: time
2022-11-14 10:49:46.764 WET [14500] LOG:  checkpoint complete: wrote 3 buffers (0.0%); 0 WAL file(s) added, 0 removed, 0 recycled; write=0.205 s, sync=0.001 s, total=0.214 s; sync files=3, longest=0.001 s, average=0.001 s; distance=11 kB, estimate=37143 kB
2022-11-14 10:54:46.731 WET [14500] LOG:  checkpoint starting: time
2022-11-14 10:54:46.844 WET [14500] LOG:  checkpoint complete: wrote 1 buffers (0.0%); 0 WAL file(s) added, 0 removed, 0 recycled; write=0.104 s, sync=0.001 s, total=0.113 s; sync files=1, longest=0.001 s, average=0.001 s; distance=6 kB, estimate=33429 kB
2022-11-14 11:04:46.842 WET [14500] LOG:  checkpoint starting: time
2022-11-14 11:04:47.668 WET [14500] LOG:  checkpoint complete: wrote 9 buffers (0.1%); 0 WAL file(s) added, 0 removed, 0 recycled; write=0.823 s, sync=0.001 s, total=0.827 s; sync files=5, longest=0.001 s, average=0.001 s; distance=54 kB, estimate=30092 kB
2022-11-14 11:09:46.673 WET [14500] LOG:  checkpoint starting: time
2022-11-14 11:09:46.782 WET [14500] LOG:  checkpoint complete: wrote 1 buffers (0.0%); 0 WAL file(s) added, 0 removed, 0 recycled; write=0.105 s, sync=0.001 s, total=0.110 s; sync files=1, longest=0.001 s, average=0.001 s; distance=8 kB, estimate=27083 kB
2022-11-14 11:14:46.781 WET [14500] LOG:  checkpoint starting: time
2022-11-14 11:14:47.506 WET [14500] LOG:  checkpoint complete: wrote 8 buffers (0.0%); 0 WAL file(s) added, 0 removed, 0 recycled; write=0.715 s, sync=0.001 s, total=0.725 s; sync files=4, longest=0.001 s, average=0.001 s; distance=46 kB, estimate=24379 kB
2022-11-14 11:19:46.504 WET [14500] LOG:  checkpoint starting: time
2022-11-14 11:19:46.818 WET [14500] LOG:  checkpoint complete: wrote 4 buffers (0.0%); 0 WAL file(s) added, 0 removed, 0 recycled; write=0.307 s, sync=0.001 s, total=0.315 s; sync files=4, longest=0.001 s, average=0.001 s; distance=12 kB, estimate=21943 kB
2022-11-14 11:24:46.808 WET [14500] LOG:  checkpoint starting: time
2022-11-14 11:24:47.122 WET [14500] LOG:  checkpoint complete: wrote 4 buffers (0.0%); 0 WAL file(s) added, 0 removed, 0 recycled; write=0.306 s, sync=0.003 s, total=0.314 s; sync files=4, longest=0.002 s, average=0.001 s; distance=13 kB, estimate=19750 kB
2022-11-14 11:29:46.119 WET [14500] LOG:  checkpoint starting: time
2022-11-14 11:29:46.433 WET [14500] LOG:  checkpoint complete: wrote 4 buffers (0.0%); 0 WAL file(s) added, 0 removed, 0 recycled; write=0.308 s, sync=0.002 s, total=0.315 s; sync files=4, longest=0.001 s, average=0.001 s; distance=17 kB, estimate=17776 kB
2022-11-14 12:06:43.491 WET [14500] LOG:  checkpoint starting: time
2022-11-14 12:06:43.848 WET [14500] LOG:  checkpoint complete: wrote 4 buffers (0.0%); 0 WAL file(s) added, 0 removed, 0 recycled; write=0.325 s, sync=0.001 s, total=0.359 s; sync files=4, longest=0.001 s, average=0.001 s; distance=19 kB, estimate=16001 kB
2022-11-14 12:11:43.847 WET [14500] LOG:  checkpoint starting: time
2022-11-14 12:11:44.168 WET [14500] LOG:  checkpoint complete: wrote 4 buffers (0.0%); 0 WAL file(s) added, 0 removed, 0 recycled; write=0.312 s, sync=0.001 s, total=0.322 s; sync files=4, longest=0.001 s, average=0.001 s; distance=19 kB, estimate=14403 kB
2022-11-14 12:16:43.170 WET [14500] LOG:  checkpoint starting: time
2022-11-14 12:16:43.605 WET [14500] LOG:  checkpoint complete: wrote 5 buffers (0.0%); 0 WAL file(s) added, 0 removed, 0 recycled; write=0.410 s, sync=0.022 s, total=0.436 s; sync files=5, longest=0.021 s, average=0.005 s; distance=24 kB, estimate=12965 kB
2022-11-14 12:21:43.699 WET [14500] LOG:  checkpoint starting: time
2022-11-14 12:21:44.113 WET [14500] LOG:  checkpoint complete: wrote 5 buffers (0.0%); 0 WAL file(s) added, 0 removed, 0 recycled; write=0.408 s, sync=0.001 s, total=0.415 s; sync files=4, longest=0.001 s, average=0.001 s; distance=19 kB, estimate=11670 kB
2022-11-14 12:26:43.118 WET [14500] LOG:  checkpoint starting: time
2022-11-14 12:26:43.543 WET [14500] LOG:  checkpoint complete: wrote 5 buffers (0.0%); 0 WAL file(s) added, 0 removed, 0 recycled; write=0.410 s, sync=0.001 s, total=0.426 s; sync files=4, longest=0.001 s, average=0.001 s; distance=21 kB, estimate=10505 kB
2022-11-14 12:31:43.546 WET [14500] LOG:  checkpoint starting: time
2022-11-14 12:31:43.958 WET [14500] LOG:  checkpoint complete: wrote 5 buffers (0.0%); 0 WAL file(s) added, 0 removed, 0 recycled; write=0.407 s, sync=0.001 s, total=0.413 s; sync files=4, longest=0.001 s, average=0.001 s; distance=22 kB, estimate=9457 kB
